2025-07-14 18:16:16 | INFO | Training logs will be saved to: training/logs/codegen_training_20250714_181616.log
2025-07-14 18:16:16 | INFO | Validating environment for codegen training...
2025-07-14 18:16:16 | WARNING | ⚠️ No GPU available, training will be slow
2025-07-14 18:16:16 | WARNING | ⚠️ Low disk space: 3.0GB available
2025-07-14 18:16:16 | WARNING | ⚠️ Low system memory: 8.6GB
2025-07-14 18:16:16 | INFO | ✅ Dataset found at: data/processed/processed_dataset_codegen
2025-07-14 18:16:16 | INFO | Training started at: 2025-07-14 18:16:16.571085
2025-07-14 18:16:16 | INFO | Starting CodeGen fine-tuning...
2025-07-14 18:16:16 | INFO | Loading CodeGen model: Salesforce/codegen-350M-mono
2025-07-14 18:16:19 | INFO | CodeGen model loaded with 354878593 parameters
2025-07-14 18:16:19 | INFO | Loading dataset from: data/processed/processed_dataset_codegen
2025-07-14 18:16:19 | INFO | Dataset loaded: DatasetDict({
    train: Dataset({
        features: ['text', 'language', 'input_ids', 'attention_mask', 'token_count', 'truncated'],
        num_rows: 80
    })
    validation: Dataset({
        features: ['text', 'language', 'input_ids', 'attention_mask', 'token_count', 'truncated'],
        num_rows: 10
    })
    test: Dataset({
        features: ['text', 'language', 'input_ids', 'attention_mask', 'token_count', 'truncated'],
        num_rows: 10
    })
})
2025-07-14 18:16:20 | INFO | Training started...
2025-07-14 18:16:20 | ERROR | ❌ Training failed for codegen: Accelerator.unwrap_model() got an unexpected keyword argument 'keep_torch_compile'
2025-07-14 18:16:20 | INFO | ✅ Training results saved to: training/results/codegen_results_20250714_181620.json
2025-07-14 18:16:20 | ERROR | Training failed. See logs for details.
