2025-07-14 18:10:06 | INFO | Training logs will be saved to: training/logs/codegen_training_20250714_181006.log
2025-07-14 18:10:06 | INFO | Validating environment for codegen training...
2025-07-14 18:10:06 | WARNING | ⚠️ No GPU available, training will be slow
2025-07-14 18:10:06 | WARNING | ⚠️ Low disk space: 5.7GB available
2025-07-14 18:10:06 | WARNING | ⚠️ Low system memory: 8.6GB
2025-07-14 18:10:06 | INFO | ✅ Dataset found at: data/processed/processed_dataset_codegen
2025-07-14 18:10:06 | INFO | Training started at: 2025-07-14 18:10:06.396522
2025-07-14 18:10:06 | INFO | Starting CodeGen fine-tuning...
2025-07-14 18:10:06 | INFO | Loading CodeGen model: Salesforce/codegen-350M-mono
2025-07-14 18:10:53 | INFO | CodeGen model loaded with 354878593 parameters
2025-07-14 18:10:53 | INFO | Loading dataset from: data/processed/processed_dataset_codegen
2025-07-14 18:10:53 | INFO | Dataset loaded: DatasetDict({
    train: Dataset({
        features: ['text', 'language', 'input_ids', 'attention_mask', 'token_count', 'truncated'],
        num_rows: 80
    })
    validation: Dataset({
        features: ['text', 'language', 'input_ids', 'attention_mask', 'token_count', 'truncated'],
        num_rows: 10
    })
    test: Dataset({
        features: ['text', 'language', 'input_ids', 'attention_mask', 'token_count', 'truncated'],
        num_rows: 10
    })
})
2025-07-14 18:10:53 | ERROR | ❌ Training failed for codegen: TrainingArguments.__init__() got an unexpected keyword argument 'evaluation_strategy'
2025-07-14 18:10:53 | INFO | ✅ Training results saved to: training/results/codegen_results_20250714_181053.json
2025-07-14 18:10:53 | ERROR | Training failed. See logs for details.
