2025-07-14 18:13:24 | INFO | Training logs will be saved to: training/logs/codegen_training_20250714_181324.log
2025-07-14 18:13:24 | INFO | Validating environment for codegen training...
2025-07-14 18:13:24 | WARNING | ⚠️ No GPU available, training will be slow
2025-07-14 18:13:24 | WARNING | ⚠️ Low disk space: 4.1GB available
2025-07-14 18:13:24 | WARNING | ⚠️ Low system memory: 8.6GB
2025-07-14 18:13:24 | INFO | ✅ Dataset found at: data/processed/processed_dataset_codegen
2025-07-14 18:13:24 | INFO | Training started at: 2025-07-14 18:13:24.698135
2025-07-14 18:13:24 | INFO | Starting CodeGen fine-tuning...
2025-07-14 18:13:24 | INFO | Loading CodeGen model: Salesforce/codegen-350M-mono
2025-07-14 18:13:27 | INFO | CodeGen model loaded with 354878593 parameters
2025-07-14 18:13:27 | INFO | Loading dataset from: data/processed/processed_dataset_codegen
2025-07-14 18:13:27 | INFO | Dataset loaded: DatasetDict({
    train: Dataset({
        features: ['text', 'language', 'input_ids', 'attention_mask', 'token_count', 'truncated'],
        num_rows: 80
    })
    validation: Dataset({
        features: ['text', 'language', 'input_ids', 'attention_mask', 'token_count', 'truncated'],
        num_rows: 10
    })
    test: Dataset({
        features: ['text', 'language', 'input_ids', 'attention_mask', 'token_count', 'truncated'],
        num_rows: 10
    })
})
2025-07-14 18:13:27 | ERROR | ❌ Training failed for codegen: Using the `Trainer` with `PyTorch` requires `accelerate>=0.26.0`: Please run `pip install transformers[torch]` or `pip install 'accelerate>=0.26.0'`
2025-07-14 18:13:27 | INFO | ✅ Training results saved to: training/results/codegen_results_20250714_181327.json
2025-07-14 18:13:27 | ERROR | Training failed. See logs for details.
